AAEAADna3iFmuZvQs8OijG+LKZkzD8Mwdk6vyQP92O8+7/rh AAEAAPWCiDJBcKp6g0TehbwJMK7iVMP3+PXmim8R2Abcl7/g 0
AAEAAOZreqlKsP0uctqEK8b58qdLGuPG3LQQ4Hr2dRiSy7KF AAEAAJU9VfJqzjKYP0FFFuYD4Y5dNxuqwFqYxzfLGTL9wZi2 0
AAEAAN9l+tDv254Bw9ZL0nHjASYXRQ4fgjPYKXrLCSI0vxpz AAEAAAlr3hEJPCA68DCPCB728vJOOX0Kt7bbVr1ml0GwQp0x 0
AAEAAJiQCNoygzfjDsHW5HObReG5mTNHJWMD7wY/LWbhZyHG AAEAAD7co/4jfV9w4LKs90e0DEF1RUeoKQrPeUPZOR1kdAUJ 0
AAEAAJpROGFdw8NWfIfCp6wDJlTZo90g2y1PXLw4u3krjvJb AAEAANCEftMVgo6hLcgtburg9Zd5LPkMUpFLMGVkgm8M2vyS 0
AAEAAE1SsvugeHsy7S8keKvO3ysz6S4rDerqdsUsYiOFA1oc AAEAAJd6IMGz0+8nEyXR7Sx+PmVvxkTKJmH8CwA9DvH5jNyT 0
AAEAAA4wM4Zk8m7XYRCR0UMQfJmFVyuNL8LMyYSPCH3X1G0N AAEAAPD9Al/X1K6sryi7zV3YH3TjGgHKih7FsNgnD6FFHtoK 0
AAEAADO4R6J3XGgykEfIYRYvFt8JEzd1xOWusJarfsAsABDf AAEAAN9O6kGZa/iJRJZ5vQy7LvFo/iS4h1rMcuMJm+5Gs7YH 0
AAEAAGmjLYwYZ5VqQBu6LvrM3zcpa/WxAFXWTBeD5SDx+WsT AAEAANf43KbSD3qRH/JPMcdOIL8cs8eihgEtCZMUk/kXfqps 0
AAEAAO3ktmkPRpoBJrdW9Ztw/YWpDhFZEHdnRVTZxD2Dbqfc AAEAAGevT06HwaQ5X+zQ6hCqAkdhMZsNf7+wIK4bPXaf8Yjf 0
AAEAAFiO4ETa7q86T5hRxAgdbHgE8qthuOiEXbjDbSkKKmIX AAEAABB1RlikzpRwL2aMb8siFihBpyQams5RMkEGNQngtb/j 0
AAEAAA8uCkPW9BKrvgjrsu0fjSeZOfHpR81ZNl0gEHjxRkq0 AAEAAH61Cefa7j0ryto4Mkc8WWePkFrP6Blcqt4qUj5zfG9Y 0
AAEAAK6m7UwgxiK+SJwL93Fh1EjG2AdIZkGQAxxpXrXOZjIi AAEAALQyDHfSHxDI7pH/Qb/up6AN/31AyKDVEu6LnPJ+b9Zo 0
AAEAAB1LOsFytv7jTW03LFWDNUegi4CppjJ8cDgXT6Uw4U4t AAEAAJ+OfZNHhb32Myme+wuO7xtVk82SFcL4zGCZ9IevzYRh 0
AAEAALMYgLpUCQa+IfLmdb5n6yoIMbDDbAuzhWBnmi5RP2CK AAEAAMHp7Vvvk0PhOkf3KeXjDXH2I1j6FkEkQqUsOkZKrkGT 0
AAEAADAFUzlCoNoPMgiXWEqYvIKTeHSvvekybzfJfPltN3QD AAEAAMBgqRocoqXDoQSlyQqhhDFAuyhhQCoxNUQPlzmka5JS 0
AAEAAI2TbisTZS99XfAmC0R8zme9dqN/VN5lQQYH7bhE4RBJ AAEAAFRJUAFF0uiFr+EafY2Q4hMJ8WOBuHe2MnBruyqYhL2X 0
AAEAAMa1K1x+wP6nhbPM4Rxp4SwiRpjmln6lV9fnMj310zCC AAEAAOrKoXpyPsGgpRafyzbrsxmwcMf8w8cuUrpFdvUcW5ZX 0
AAEAAHUVTK6GLKEBeHdSPdd1iI6ezLXITAzhkq07dm2ccz7X AAEAAAhOY43cWT6JdIDtUdt4VzkpY925baCUaOj6gU6OtF4Y 0
AAEAAE6FxMVPHzTCgwCgV0CQMY78tCqibDbPjpIrBK2/76jY AAEAAGztBdCA5/KUPKNiZnrSlI522kveCSuRejXIhf98cg9l 1
AAEAAPBYW9RdPI76kT0R1jRkJNzSBWMKQP9ZyRK2VLlTe7Cx AAEAAMRnnjPUfIhDVFUYMM3PZa2oo+JbFYMWnfg+WEJ1lPgJ 0
AAEAAGjwddFGu64xEULDudFdxFLurXPYGi5G0Xah1dkySeS5 AAEAAG8oOI2UdC++nHy6dSW2u7dGC7W2UEwKZAeeF4kzj+wn 0
AAEAAEy9zjCV0byfNbk3xsktkqhs7//RW/4qfsMoqksgQJ6o AAEAACqNn0yer4UPqwkPglEAsYNjhxXpMsfjyx9l0x5rqi9u 0
AAEAAAFjpRXnLmjTcqJ5TFOON5BQg1wPRZNMDjKSOLwpuydq AAEAAILpD9ID8aDpr36kOOwD9TsLxs2FYACpcleKn97Wp6BC 0
AAEAABGKG791qBE+T2oOly79weh3Cl/sQtHEFQTC+bg/h86a AAEAAGAS1Ci1mo7Lhab7R8gr8CVpTQ9gHookdduOLL8WRLN3 0
AAEAAKilQ+lsLsDOWooLbTctgLIAzli+q6gibFwCFTgNNtHl AAEAADJYxVmLj0Xmo3E/4QAVOrWPvdY4H+Of8cCdKDjse8GQ 0
AAEAAEIxxZLBd3SN2nIcRgS1M1WCD7tv3MEU19W8jVbBbMdY AAEAAEPI+3wE/8lCIW4goB7RXgWuKvrN6Mh85u7d+3k6mnwF 0
AAEAALrTMH8GG4QTk7Xt75UzBgxNNcOeTQYdOR688Cb2acQ+ AAEAAMVbm7V6LKVuSZjB0sGB/K/QfE99HWyWEcEQ8covKToT 0
AAEAAPryr91jdfzeDaGVodKHG2SOBzywosZa7gtG5x9chl02 AAEAAB3mq/h2EuNT2/AdjEBSgbkQIAsVztxQ16iPucrzeryG 0
AAEAABMst/MeA7N4efAYNzxDbbUdk35WAxC93sV8Hn2wi3Bd AAEAACitEswKQGIrJuXxBMyXFghwmQ+b13ymIbh9DDnyPon+ 0
AAEAAI4K8SG/qC/GwNuQ3AvvH3OpaI/gVDnunLIvabl4wMok AAEAABPURuI5GitSyLM1pjHo0m5piV2/dEXHgBcM5lMwJGSX 0
AAEAADv2OGmxVN+daoc/ZrXE8pBlbRu61Mfttc7XlqEC6J+/ AAEAAKu2/UN7e9xcKNoyHOevEGr3+4xBpkP+8kGN66lrbb3i 0
AAEAAP60u1d7YG42YOOy16dJpnMJwfWkHy4E/mIf73+kXXjq AAEAAC88CSR74UHSLQGGwWJSrt1zA1/pppIb5O6hVZQuOKvG 0
AAEAAKro7cthnP/YFF85CfhH8lOKm5RFEwTOZIpdwBRjNUae AAEAABRyFghjiZT0gw8rp1n+ZNAy6fdpSjigOtNxkOD4n5SF 0
AAEAAG54tpcNUWRrSH+9qbCA0mEveqnFObosVWiaTr8tsXpX AAEAAMJ59dyjLn/vR4O4bysdjko+ASCexcCWReNy6daEN+yI 0
AAEAAEmOZ+rg3Cm/JwwoseNTxJ/RN47+I5UtOWzcpOqQOZf1 AAEAAC/h0geF8DWmySIkYreVSNigNi21b9L1lEXfh7qB+XzK 0
